<?xml version="1.0" encoding="utf-8"?>
<coverage line-rate="0.4545141281874569" branch-rate="0" complexity="0" branches-covered="0" branches-valid="0" timestamp="1725991455" lines-covered="1319" lines-valid="2902" version="0">
  <sources>
    <source>C:</source>
  </sources>
  <packages>
    <package name="C:\Users\user1\Desktop\bootcamp\project\ScheduleWizard\x64\Debug\Tests.exe" line-rate="0.4545141281874569" branch-rate="0" complexity="0">
      <classes>
        <class name="Consts.cpp" filename="Users\user1\Desktop\bootcamp\project\ScheduleWizard\Main\Consts.cpp" line-rate="1" branch-rate="0" complexity="0">
          <methods/>
          <lines>
            <line number="3" hits="1"/>
            <line number="4" hits="1"/>
            <line number="5" hits="1"/>
            <line number="6" hits="1"/>
            <line number="7" hits="1"/>
            <line number="9" hits="1"/>
            <line number="10" hits="1"/>
            <line number="11" hits="1"/>
            <line number="12" hits="1"/>
            <line number="18" hits="1"/>
            <line number="19" hits="1"/>
            <line number="20" hits="1"/>
            <line number="21" hits="1"/>
            <line number="23" hits="1"/>
            <line number="24" hits="1"/>
            <line number="25" hits="1"/>
            <line number="26" hits="1"/>
            <line number="27" hits="1"/>
            <line number="28" hits="1"/>
            <line number="29" hits="1"/>
            <line number="30" hits="1"/>
            <line number="31" hits="1"/>
            <line number="32" hits="1"/>
          </lines>
        </class>
        <class name="DeadLineTask.cpp" filename="Users\user1\Desktop\bootcamp\project\ScheduleWizard\Main\DeadLineTask.cpp" line-rate="0" branch-rate="0" complexity="0">
          <methods/>
          <lines>
            <line number="9" hits="0"/>
            <line number="10" hits="0"/>
            <line number="13" hits="0"/>
            <line number="15" hits="0"/>
            <line number="16" hits="0"/>
            <line number="17" hits="0"/>
            <line number="19" hits="0"/>
            <line number="20" hits="0"/>
            <line number="21" hits="0"/>
          </lines>
        </class>
        <class name="DeadlineTaskManager.cpp" filename="Users\user1\Desktop\bootcamp\project\ScheduleWizard\Main\DeadlineTaskManager.cpp" line-rate="0.16666666666666666" branch-rate="0" complexity="0">
          <methods/>
          <lines>
            <line number="6" hits="1"/>
            <line number="8" hits="0"/>
            <line number="9" hits="0"/>
            <line number="10" hits="0"/>
            <line number="11" hits="0"/>
            <line number="13" hits="0"/>
            <line number="14" hits="0"/>
            <line number="15" hits="0"/>
            <line number="17" hits="1"/>
            <line number="18" hits="1"/>
            <line number="19" hits="0"/>
            <line number="20" hits="0"/>
            <line number="24" hits="0"/>
            <line number="28" hits="0"/>
            <line number="31" hits="0"/>
            <line number="34" hits="0"/>
            <line number="35" hits="0"/>
            <line number="36" hits="0"/>
            <line number="37" hits="0"/>
            <line number="38" hits="0"/>
            <line number="40" hits="0"/>
            <line number="43" hits="0"/>
            <line number="45" hits="0"/>
            <line number="46" hits="1"/>
          </lines>
        </class>
        <class name="IterativeTask.cpp" filename="Users\user1\Desktop\bootcamp\project\ScheduleWizard\Main\IterativeTask.cpp" line-rate="0" branch-rate="0" complexity="0">
          <methods/>
          <lines>
            <line number="4" hits="0"/>
            <line number="5" hits="0"/>
            <line number="6" hits="0"/>
            <line number="7" hits="0"/>
            <line number="8" hits="0"/>
            <line number="9" hits="0"/>
          </lines>
        </class>
        <class name="IterativeTask.h" filename="Users\user1\Desktop\bootcamp\project\ScheduleWizard\Main\IterativeTask.h" line-rate="0" branch-rate="0" complexity="0">
          <methods/>
          <lines>
            <line number="15" hits="0"/>
            <line number="16" hits="0"/>
            <line number="17" hits="0"/>
            <line number="23" hits="0"/>
            <line number="24" hits="0"/>
            <line number="25" hits="0"/>
            <line number="31" hits="0"/>
            <line number="32" hits="0"/>
            <line number="33" hits="0"/>
            <line number="35" hits="0"/>
            <line number="36" hits="0"/>
            <line number="37" hits="0"/>
            <line number="39" hits="0"/>
            <line number="40" hits="0"/>
            <line number="41" hits="0"/>
            <line number="47" hits="0"/>
            <line number="48" hits="0"/>
            <line number="49" hits="0"/>
          </lines>
        </class>
        <class name="IterativeTaskHandler.cpp" filename="Users\user1\Desktop\bootcamp\project\ScheduleWizard\Main\IterativeTaskHandler.cpp" line-rate="0" branch-rate="0" complexity="0">
          <methods/>
          <lines>
            <line number="12" hits="0"/>
            <line number="14" hits="0"/>
            <line number="15" hits="0"/>
            <line number="16" hits="0"/>
            <line number="20" hits="0"/>
            <line number="23" hits="0"/>
            <line number="24" hits="0"/>
            <line number="25" hits="0"/>
            <line number="26" hits="0"/>
            <line number="29" hits="0"/>
            <line number="30" hits="0"/>
            <line number="31" hits="0"/>
            <line number="39" hits="0"/>
            <line number="40" hits="0"/>
            <line number="41" hits="0"/>
            <line number="43" hits="0"/>
            <line number="44" hits="0"/>
            <line number="45" hits="0"/>
            <line number="48" hits="0"/>
            <line number="50" hits="0"/>
            <line number="51" hits="0"/>
            <line number="57" hits="0"/>
            <line number="58" hits="0"/>
            <line number="59" hits="0"/>
            <line number="60" hits="0"/>
            <line number="63" hits="0"/>
            <line number="64" hits="0"/>
            <line number="67" hits="0"/>
            <line number="68" hits="0"/>
            <line number="72" hits="0"/>
            <line number="73" hits="0"/>
            <line number="74" hits="0"/>
          </lines>
        </class>
        <class name="IterativeTaskHandler.h" filename="Users\user1\Desktop\bootcamp\project\ScheduleWizard\Main\IterativeTaskHandler.h" line-rate="0" branch-rate="0" complexity="0">
          <methods/>
          <lines>
            <line number="24" hits="0"/>
            <line number="25" hits="0"/>
            <line number="26" hits="0"/>
          </lines>
        </class>
        <class name="Logger.cpp" filename="Users\user1\Desktop\bootcamp\project\ScheduleWizard\Main\Logger.cpp" line-rate="0.9821428571428571" branch-rate="0" complexity="0">
          <methods/>
          <lines>
            <line number="4" hits="1"/>
            <line number="6" hits="1"/>
            <line number="7" hits="1"/>
            <line number="9" hits="1"/>
            <line number="10" hits="1"/>
            <line number="12" hits="1"/>
            <line number="13" hits="1"/>
            <line number="15" hits="1"/>
            <line number="16" hits="1"/>
            <line number="18" hits="1"/>
            <line number="19" hits="1"/>
            <line number="21" hits="1"/>
            <line number="26" hits="1"/>
            <line number="29" hits="1"/>
            <line number="30" hits="1"/>
            <line number="31" hits="1"/>
            <line number="34" hits="1"/>
            <line number="35" hits="1"/>
            <line number="36" hits="1"/>
            <line number="37" hits="1"/>
            <line number="38" hits="1"/>
            <line number="41" hits="1"/>
            <line number="42" hits="1"/>
            <line number="43" hits="1"/>
            <line number="45" hits="1"/>
            <line number="46" hits="1"/>
            <line number="47" hits="1"/>
            <line number="49" hits="1"/>
            <line number="51" hits="1"/>
            <line number="54" hits="1"/>
            <line number="56" hits="1"/>
            <line number="57" hits="1"/>
            <line number="58" hits="1"/>
            <line number="60" hits="1"/>
            <line number="61" hits="1"/>
            <line number="62" hits="1"/>
            <line number="63" hits="1"/>
            <line number="64" hits="1"/>
            <line number="65" hits="1"/>
            <line number="66" hits="0"/>
            <line number="67" hits="1"/>
            <line number="70" hits="1"/>
            <line number="71" hits="1"/>
            <line number="72" hits="1"/>
            <line number="73" hits="1"/>
            <line number="75" hits="1"/>
            <line number="77" hits="1"/>
            <line number="78" hits="1"/>
            <line number="79" hits="1"/>
            <line number="80" hits="1"/>
            <line number="82" hits="1"/>
            <line number="83" hits="1"/>
            <line number="85" hits="1"/>
            <line number="86" hits="1"/>
            <line number="89" hits="1"/>
            <line number="90" hits="1"/>
          </lines>
        </class>
        <class name="LongTaskHandler.cpp" filename="Users\user1\Desktop\bootcamp\project\ScheduleWizard\Main\LongTaskHandler.cpp" line-rate="0.68085106382978722" branch-rate="0" complexity="0">
          <methods/>
          <lines>
            <line number="3" hits="1"/>
            <line number="8" hits="1"/>
            <line number="9" hits="1"/>
            <line number="11" hits="1"/>
            <line number="12" hits="1"/>
            <line number="14" hits="1"/>
            <line number="16" hits="1"/>
            <line number="18" hits="1"/>
            <line number="19" hits="1"/>
            <line number="21" hits="1"/>
            <line number="22" hits="1"/>
            <line number="24" hits="1"/>
            <line number="25" hits="1"/>
            <line number="26" hits="1"/>
            <line number="28" hits="1"/>
            <line number="29" hits="1"/>
            <line number="30" hits="1"/>
            <line number="32" hits="1"/>
            <line number="33" hits="1"/>
            <line number="35" hits="1"/>
            <line number="36" hits="1"/>
            <line number="38" hits="1"/>
            <line number="39" hits="1"/>
            <line number="42" hits="0"/>
            <line number="43" hits="0"/>
            <line number="44" hits="0"/>
            <line number="46" hits="0"/>
            <line number="47" hits="0"/>
            <line number="48" hits="0"/>
            <line number="50" hits="0"/>
            <line number="51" hits="0"/>
            <line number="52" hits="0"/>
            <line number="55" hits="1"/>
            <line number="56" hits="1"/>
            <line number="57" hits="1"/>
            <line number="59" hits="1"/>
            <line number="60" hits="1"/>
            <line number="61" hits="1"/>
            <line number="62" hits="0"/>
            <line number="63" hits="0"/>
            <line number="64" hits="0"/>
            <line number="65" hits="1"/>
            <line number="66" hits="1"/>
            <line number="67" hits="1"/>
            <line number="68" hits="0"/>
            <line number="69" hits="0"/>
            <line number="70" hits="0"/>
          </lines>
        </class>
        <class name="OrderedTaskHandler.cpp" filename="Users\user1\Desktop\bootcamp\project\ScheduleWizard\Main\OrderedTaskHandler.cpp" line-rate="0" branch-rate="0" complexity="0">
          <methods/>
          <lines>
            <line number="3" hits="0"/>
            <line number="4" hits="0"/>
            <line number="5" hits="0"/>
            <line number="6" hits="0"/>
            <line number="7" hits="0"/>
            <line number="8" hits="0"/>
            <line number="9" hits="0"/>
            <line number="10" hits="0"/>
            <line number="12" hits="0"/>
            <line number="13" hits="0"/>
            <line number="14" hits="0"/>
            <line number="16" hits="0"/>
            <line number="17" hits="0"/>
            <line number="18" hits="0"/>
            <line number="19" hits="0"/>
            <line number="20" hits="0"/>
            <line number="21" hits="0"/>
            <line number="22" hits="0"/>
          </lines>
        </class>
        <class name="ReadFromJSON.cpp" filename="Users\user1\Desktop\bootcamp\project\ScheduleWizard\Main\ReadFromJSON.cpp" line-rate="0" branch-rate="0" complexity="0">
          <methods/>
          <lines>
            <line number="13" hits="0"/>
            <line number="14" hits="0"/>
            <line number="15" hits="0"/>
            <line number="19" hits="0"/>
            <line number="22" hits="0"/>
            <line number="26" hits="0"/>
            <line number="28" hits="0"/>
            <line number="31" hits="0"/>
            <line number="34" hits="0"/>
            <line number="35" hits="0"/>
            <line number="36" hits="0"/>
            <line number="38" hits="0"/>
            <line number="39" hits="0"/>
            <line number="41" hits="0"/>
            <line number="42" hits="0"/>
            <line number="43" hits="0"/>
            <line number="45" hits="0"/>
            <line number="47" hits="0"/>
            <line number="48" hits="0"/>
            <line number="50" hits="0"/>
            <line number="51" hits="0"/>
            <line number="52" hits="0"/>
            <line number="54" hits="0"/>
            <line number="55" hits="0"/>
            <line number="58" hits="0"/>
            <line number="69" hits="0"/>
            <line number="72" hits="0"/>
            <line number="73" hits="0"/>
            <line number="74" hits="0"/>
            <line number="78" hits="0"/>
            <line number="81" hits="0"/>
            <line number="84" hits="0"/>
            <line number="86" hits="0"/>
            <line number="89" hits="0"/>
            <line number="91" hits="0"/>
            <line number="92" hits="0"/>
            <line number="93" hits="0"/>
            <line number="95" hits="0"/>
            <line number="96" hits="0"/>
            <line number="100" hits="0"/>
            <line number="102" hits="0"/>
            <line number="104" hits="0"/>
            <line number="105" hits="0"/>
            <line number="106" hits="0"/>
            <line number="108" hits="0"/>
            <line number="110" hits="0"/>
            <line number="111" hits="0"/>
            <line number="112" hits="0"/>
          </lines>
        </class>
        <class name="RealTimeScheduler.cpp" filename="Users\user1\Desktop\bootcamp\project\ScheduleWizard\Main\RealTimeScheduler.cpp" line-rate="0.88461538461538458" branch-rate="0" complexity="0">
          <methods/>
          <lines>
            <line number="3" hits="1"/>
            <line number="4" hits="1"/>
            <line number="5" hits="1"/>
            <line number="6" hits="1"/>
            <line number="7" hits="1"/>
            <line number="14" hits="1"/>
            <line number="15" hits="1"/>
            <line number="17" hits="1"/>
            <line number="19" hits="1"/>
            <line number="20" hits="1"/>
            <line number="21" hits="1"/>
            <line number="22" hits="1"/>
            <line number="24" hits="1"/>
            <line number="25" hits="1"/>
            <line number="26" hits="1"/>
            <line number="27" hits="1"/>
            <line number="29" hits="0"/>
            <line number="30" hits="0"/>
            <line number="34" hits="1"/>
            <line number="35" hits="0"/>
            <line number="37" hits="1"/>
            <line number="38" hits="1"/>
            <line number="39" hits="1"/>
            <line number="41" hits="1"/>
            <line number="42" hits="1"/>
            <line number="43" hits="1"/>
          </lines>
        </class>
        <class name="RealTimeScheduler.h" filename="Users\user1\Desktop\bootcamp\project\ScheduleWizard\Main\RealTimeScheduler.h" line-rate="1" branch-rate="0" complexity="0">
          <methods/>
          <lines>
            <line number="26" hits="1"/>
          </lines>
        </class>
        <class name="Scheduler.cpp" filename="Users\user1\Desktop\bootcamp\project\ScheduleWizard\Main\Scheduler.cpp" line-rate="0.51552795031055898" branch-rate="0" complexity="0">
          <methods/>
          <lines>
            <line number="7" hits="1"/>
            <line number="8" hits="1"/>
            <line number="9" hits="1"/>
            <line number="10" hits="1"/>
            <line number="11" hits="1"/>
            <line number="12" hits="1"/>
            <line number="13" hits="1"/>
            <line number="15" hits="1"/>
            <line number="25" hits="0"/>
            <line number="26" hits="0"/>
            <line number="28" hits="0"/>
            <line number="31" hits="0"/>
            <line number="32" hits="0"/>
            <line number="33" hits="0"/>
            <line number="34" hits="0"/>
            <line number="35" hits="0"/>
            <line number="38" hits="0"/>
            <line number="39" hits="0"/>
            <line number="40" hits="0"/>
            <line number="41" hits="0"/>
            <line number="42" hits="0"/>
            <line number="45" hits="0"/>
            <line number="46" hits="0"/>
            <line number="47" hits="0"/>
            <line number="48" hits="0"/>
            <line number="49" hits="0"/>
            <line number="52" hits="0"/>
            <line number="53" hits="0"/>
            <line number="54" hits="0"/>
            <line number="55" hits="0"/>
            <line number="56" hits="0"/>
            <line number="59" hits="0"/>
            <line number="60" hits="0"/>
            <line number="61" hits="0"/>
            <line number="62" hits="0"/>
            <line number="63" hits="0"/>
            <line number="65" hits="0"/>
            <line number="66" hits="0"/>
            <line number="67" hits="0"/>
            <line number="68" hits="0"/>
            <line number="69" hits="0"/>
            <line number="70" hits="0"/>
            <line number="71" hits="0"/>
            <line number="73" hits="0"/>
            <line number="74" hits="0"/>
            <line number="75" hits="0"/>
            <line number="78" hits="0"/>
            <line number="79" hits="0"/>
            <line number="80" hits="0"/>
            <line number="81" hits="0"/>
            <line number="82" hits="0"/>
            <line number="85" hits="0"/>
            <line number="86" hits="0"/>
            <line number="87" hits="0"/>
            <line number="88" hits="0"/>
            <line number="90" hits="0"/>
            <line number="92" hits="0"/>
            <line number="93" hits="0"/>
            <line number="103" hits="1"/>
            <line number="104" hits="1"/>
            <line number="105" hits="1"/>
            <line number="106" hits="1"/>
            <line number="107" hits="1"/>
            <line number="108" hits="1"/>
            <line number="109" hits="0"/>
            <line number="110" hits="0"/>
            <line number="112" hits="1"/>
            <line number="113" hits="1"/>
            <line number="114" hits="1"/>
            <line number="116" hits="1"/>
            <line number="118" hits="0"/>
            <line number="119" hits="0"/>
            <line number="121" hits="0"/>
            <line number="122" hits="1"/>
            <line number="124" hits="0"/>
            <line number="125" hits="0"/>
            <line number="127" hits="1"/>
            <line number="129" hits="1"/>
            <line number="131" hits="1"/>
            <line number="132" hits="1"/>
            <line number="134" hits="1"/>
            <line number="135" hits="1"/>
            <line number="136" hits="1"/>
            <line number="137" hits="1"/>
            <line number="140" hits="1"/>
            <line number="141" hits="1"/>
            <line number="142" hits="1"/>
            <line number="143" hits="1"/>
            <line number="144" hits="1"/>
            <line number="152" hits="1"/>
            <line number="153" hits="1"/>
            <line number="155" hits="1"/>
            <line number="156" hits="1"/>
            <line number="157" hits="1"/>
            <line number="159" hits="1"/>
            <line number="162" hits="0"/>
            <line number="163" hits="0"/>
            <line number="164" hits="0"/>
            <line number="166" hits="0"/>
            <line number="167" hits="1"/>
            <line number="176" hits="1"/>
            <line number="178" hits="1"/>
            <line number="179" hits="1"/>
            <line number="180" hits="1"/>
            <line number="181" hits="1"/>
            <line number="182" hits="1"/>
            <line number="185" hits="1"/>
            <line number="186" hits="1"/>
            <line number="187" hits="1"/>
            <line number="188" hits="1"/>
            <line number="189" hits="1"/>
            <line number="190" hits="1"/>
            <line number="191" hits="1"/>
            <line number="192" hits="0"/>
            <line number="193" hits="1"/>
            <line number="195" hits="1"/>
            <line number="196" hits="1"/>
            <line number="197" hits="1"/>
            <line number="199" hits="1"/>
            <line number="200" hits="1"/>
            <line number="201" hits="1"/>
            <line number="202" hits="1"/>
            <line number="207" hits="1"/>
            <line number="208" hits="1"/>
            <line number="209" hits="1"/>
            <line number="211" hits="1"/>
            <line number="213" hits="0"/>
            <line number="215" hits="0"/>
            <line number="216" hits="0"/>
            <line number="217" hits="0"/>
            <line number="218" hits="0"/>
            <line number="219" hits="0"/>
            <line number="220" hits="0"/>
            <line number="221" hits="1"/>
            <line number="222" hits="1"/>
            <line number="231" hits="1"/>
            <line number="232" hits="1"/>
            <line number="233" hits="1"/>
            <line number="235" hits="1"/>
            <line number="244" hits="1"/>
            <line number="245" hits="1"/>
            <line number="246" hits="1"/>
            <line number="248" hits="1"/>
            <line number="249" hits="1"/>
            <line number="250" hits="1"/>
            <line number="251" hits="1"/>
            <line number="253" hits="1"/>
            <line number="254" hits="1"/>
            <line number="255" hits="1"/>
            <line number="257" hits="1"/>
            <line number="258" hits="1"/>
            <line number="259" hits="1"/>
            <line number="261" hits="0"/>
            <line number="262" hits="0"/>
            <line number="263" hits="0"/>
            <line number="265" hits="0"/>
            <line number="266" hits="0"/>
            <line number="267" hits="0"/>
            <line number="269" hits="0"/>
            <line number="270" hits="0"/>
            <line number="271" hits="0"/>
          </lines>
        </class>
        <class name="Task.cpp" filename="Users\user1\Desktop\bootcamp\project\ScheduleWizard\Main\Task.cpp" line-rate="0.90625" branch-rate="0" complexity="0">
          <methods/>
          <lines>
            <line number="4" hits="1"/>
            <line number="5" hits="1"/>
            <line number="6" hits="1"/>
            <line number="9" hits="1"/>
            <line number="12" hits="1"/>
            <line number="13" hits="1"/>
            <line number="15" hits="1"/>
            <line number="16" hits="1"/>
            <line number="17" hits="1"/>
            <line number="19" hits="1"/>
            <line number="20" hits="1"/>
            <line number="21" hits="1"/>
            <line number="23" hits="0"/>
            <line number="24" hits="0"/>
            <line number="25" hits="0"/>
            <line number="27" hits="1"/>
            <line number="28" hits="1"/>
            <line number="29" hits="1"/>
            <line number="31" hits="1"/>
            <line number="32" hits="1"/>
            <line number="33" hits="1"/>
            <line number="35" hits="1"/>
            <line number="36" hits="1"/>
            <line number="37" hits="1"/>
            <line number="39" hits="1"/>
            <line number="40" hits="1"/>
            <line number="41" hits="1"/>
            <line number="42" hits="1"/>
            <line number="43" hits="1"/>
            <line number="45" hits="1"/>
            <line number="46" hits="1"/>
            <line number="47" hits="1"/>
          </lines>
        </class>
        <class name="TaskFactory.cpp" filename="Users\user1\Desktop\bootcamp\project\ScheduleWizard\Main\TaskFactory.cpp" line-rate="0" branch-rate="0" complexity="0">
          <methods/>
          <lines>
            <line number="12" hits="0"/>
            <line number="13" hits="0"/>
            <line number="16" hits="0"/>
            <line number="17" hits="0"/>
            <line number="21" hits="0"/>
            <line number="22" hits="0"/>
            <line number="23" hits="0"/>
            <line number="24" hits="0"/>
            <line number="25" hits="0"/>
            <line number="26" hits="0"/>
            <line number="29" hits="0"/>
            <line number="30" hits="0"/>
            <line number="32" hits="0"/>
            <line number="33" hits="0"/>
            <line number="36" hits="0"/>
            <line number="37" hits="0"/>
            <line number="38" hits="0"/>
            <line number="39" hits="0"/>
            <line number="42" hits="0"/>
            <line number="43" hits="0"/>
            <line number="44" hits="0"/>
            <line number="47" hits="0"/>
            <line number="48" hits="0"/>
            <line number="49" hits="0"/>
            <line number="52" hits="0"/>
            <line number="53" hits="0"/>
            <line number="54" hits="0"/>
            <line number="55" hits="0"/>
            <line number="57" hits="0"/>
            <line number="58" hits="0"/>
            <line number="61" hits="0"/>
            <line number="62" hits="0"/>
            <line number="63" hits="0"/>
            <line number="64" hits="0"/>
            <line number="65" hits="0"/>
            <line number="66" hits="0"/>
            <line number="67" hits="0"/>
            <line number="68" hits="0"/>
            <line number="69" hits="0"/>
            <line number="70" hits="0"/>
            <line number="71" hits="0"/>
            <line number="72" hits="0"/>
            <line number="74" hits="0"/>
            <line number="76" hits="0"/>
            <line number="79" hits="0"/>
            <line number="81" hits="0"/>
            <line number="84" hits="0"/>
            <line number="85" hits="0"/>
            <line number="87" hits="0"/>
            <line number="88" hits="0"/>
            <line number="89" hits="0"/>
            <line number="91" hits="0"/>
            <line number="97" hits="0"/>
            <line number="99" hits="0"/>
            <line number="101" hits="0"/>
            <line number="103" hits="0"/>
            <line number="104" hits="0"/>
            <line number="105" hits="0"/>
            <line number="110" hits="0"/>
            <line number="112" hits="0"/>
            <line number="113" hits="0"/>
            <line number="114" hits="0"/>
            <line number="116" hits="0"/>
            <line number="118" hits="0"/>
            <line number="120" hits="0"/>
            <line number="121" hits="0"/>
            <line number="122" hits="0"/>
            <line number="127" hits="0"/>
            <line number="128" hits="0"/>
            <line number="129" hits="0"/>
            <line number="130" hits="0"/>
            <line number="132" hits="0"/>
            <line number="134" hits="0"/>
            <line number="136" hits="0"/>
            <line number="137" hits="0"/>
            <line number="139" hits="0"/>
            <line number="140" hits="0"/>
            <line number="142" hits="0"/>
            <line number="143" hits="0"/>
            <line number="144" hits="0"/>
            <line number="146" hits="0"/>
            <line number="147" hits="0"/>
          </lines>
        </class>
        <class name="Utility.cpp" filename="Users\user1\Desktop\bootcamp\project\ScheduleWizard\Main\Utility.cpp" line-rate="0" branch-rate="0" complexity="0">
          <methods/>
          <lines>
            <line number="4" hits="0"/>
            <line number="6" hits="0"/>
            <line number="7" hits="0"/>
            <line number="8" hits="0"/>
            <line number="9" hits="0"/>
            <line number="12" hits="0"/>
            <line number="13" hits="0"/>
            <line number="14" hits="0"/>
            <line number="18" hits="0"/>
            <line number="20" hits="0"/>
            <line number="21" hits="0"/>
            <line number="22" hits="0"/>
            <line number="25" hits="0"/>
            <line number="26" hits="0"/>
            <line number="27" hits="0"/>
            <line number="28" hits="0"/>
          </lines>
        </class>
        <class name="WeightRoundRobinScheduler.cpp" filename="Users\user1\Desktop\bootcamp\project\ScheduleWizard\Main\WeightRoundRobinScheduler.cpp" line-rate="0.36538461538461536" branch-rate="0" complexity="0">
          <methods/>
          <lines>
            <line number="19" hits="1"/>
            <line number="20" hits="1"/>
            <line number="21" hits="1"/>
            <line number="22" hits="1"/>
            <line number="24" hits="1"/>
            <line number="32" hits="1"/>
            <line number="33" hits="1"/>
            <line number="34" hits="1"/>
            <line number="35" hits="1"/>
            <line number="36" hits="1"/>
            <line number="37" hits="1"/>
            <line number="38" hits="1"/>
            <line number="47" hits="1"/>
            <line number="48" hits="1"/>
            <line number="49" hits="1"/>
            <line number="51" hits="1"/>
            <line number="53" hits="1"/>
            <line number="54" hits="1"/>
            <line number="55" hits="1"/>
            <line number="67" hits="0"/>
            <line number="68" hits="0"/>
            <line number="69" hits="0"/>
            <line number="71" hits="0"/>
            <line number="72" hits="0"/>
            <line number="74" hits="0"/>
            <line number="76" hits="0"/>
            <line number="79" hits="0"/>
            <line number="81" hits="0"/>
            <line number="82" hits="0"/>
            <line number="84" hits="0"/>
            <line number="86" hits="0"/>
            <line number="87" hits="0"/>
            <line number="89" hits="0"/>
            <line number="92" hits="0"/>
            <line number="93" hits="0"/>
            <line number="94" hits="0"/>
            <line number="96" hits="0"/>
            <line number="98" hits="0"/>
            <line number="99" hits="0"/>
            <line number="101" hits="0"/>
            <line number="103" hits="0"/>
            <line number="104" hits="0"/>
            <line number="108" hits="0"/>
            <line number="109" hits="0"/>
            <line number="112" hits="0"/>
            <line number="113" hits="0"/>
            <line number="115" hits="0"/>
            <line number="116" hits="0"/>
            <line number="117" hits="0"/>
            <line number="118" hits="0"/>
            <line number="119" hits="0"/>
            <line number="120" hits="0"/>
          </lines>
        </class>
        <class name="Test_Ececute.cpp" filename="Users\user1\Desktop\bootcamp\project\ScheduleWizard\Tests\Test_Ececute.cpp" line-rate="1" branch-rate="0" complexity="0">
          <methods/>
          <lines>
            <line number="4" hits="1"/>
            <line number="6" hits="1"/>
            <line number="7" hits="1"/>
            <line number="9" hits="1"/>
            <line number="11" hits="1"/>
            <line number="12" hits="1"/>
            <line number="14" hits="1"/>
            <line number="16" hits="1"/>
            <line number="17" hits="1"/>
            <line number="18" hits="1"/>
            <line number="19" hits="1"/>
            <line number="20" hits="1"/>
            <line number="23" hits="1"/>
            <line number="24" hits="1"/>
            <line number="27" hits="1"/>
            <line number="29" hits="1"/>
            <line number="30" hits="1"/>
            <line number="31" hits="1"/>
            <line number="34" hits="1"/>
            <line number="37" hits="1"/>
            <line number="38" hits="1"/>
            <line number="41" hits="1"/>
            <line number="42" hits="1"/>
            <line number="44" hits="1"/>
            <line number="45" hits="1"/>
            <line number="47" hits="1"/>
            <line number="49" hits="1"/>
            <line number="50" hits="1"/>
            <line number="52" hits="1"/>
            <line number="54" hits="1"/>
            <line number="55" hits="1"/>
            <line number="56" hits="1"/>
            <line number="58" hits="1"/>
            <line number="60" hits="1"/>
            <line number="62" hits="1"/>
            <line number="63" hits="1"/>
            <line number="65" hits="1"/>
            <line number="67" hits="1"/>
            <line number="68" hits="1"/>
            <line number="69" hits="1"/>
          </lines>
        </class>
        <class name="Test_InsertTask.cpp" filename="Users\user1\Desktop\bootcamp\project\ScheduleWizard\Tests\Test_InsertTask.cpp" line-rate="1" branch-rate="0" complexity="0">
          <methods/>
          <lines>
            <line number="5" hits="1"/>
            <line number="8" hits="1"/>
            <line number="9" hits="1"/>
            <line number="10" hits="1"/>
            <line number="12" hits="1"/>
            <line number="15" hits="1"/>
            <line number="17" hits="1"/>
            <line number="18" hits="1"/>
            <line number="19" hits="1"/>
            <line number="21" hits="1"/>
            <line number="23" hits="1"/>
            <line number="24" hits="1"/>
            <line number="25" hits="1"/>
            <line number="26" hits="1"/>
            <line number="27" hits="1"/>
            <line number="28" hits="1"/>
            <line number="29" hits="1"/>
            <line number="31" hits="1"/>
            <line number="33" hits="1"/>
            <line number="35" hits="1"/>
            <line number="38" hits="1"/>
            <line number="39" hits="1"/>
            <line number="40" hits="1"/>
            <line number="41" hits="1"/>
            <line number="45" hits="1"/>
            <line number="46" hits="1"/>
            <line number="47" hits="1"/>
          </lines>
        </class>
        <class name="Test_Logger.cpp" filename="Users\user1\Desktop\bootcamp\project\ScheduleWizard\Tests\Test_Logger.cpp" line-rate="1" branch-rate="0" complexity="0">
          <methods/>
          <lines>
            <line number="12" hits="1"/>
            <line number="13" hits="1"/>
            <line number="14" hits="1"/>
            <line number="15" hits="1"/>
            <line number="17" hits="1"/>
            <line number="18" hits="1"/>
            <line number="20" hits="1"/>
            <line number="21" hits="1"/>
            <line number="24" hits="1"/>
            <line number="25" hits="1"/>
            <line number="27" hits="1"/>
            <line number="28" hits="1"/>
            <line number="29" hits="1"/>
            <line number="30" hits="1"/>
            <line number="31" hits="1"/>
            <line number="32" hits="1"/>
            <line number="33" hits="1"/>
            <line number="34" hits="1"/>
            <line number="36" hits="1"/>
            <line number="37" hits="1"/>
            <line number="40" hits="1"/>
            <line number="41" hits="1"/>
            <line number="42" hits="1"/>
            <line number="44" hits="1"/>
            <line number="47" hits="1"/>
            <line number="49" hits="1"/>
            <line number="50" hits="1"/>
            <line number="53" hits="1"/>
            <line number="56" hits="1"/>
            <line number="58" hits="1"/>
            <line number="60" hits="1"/>
            <line number="61" hits="1"/>
            <line number="62" hits="1"/>
            <line number="63" hits="1"/>
            <line number="65" hits="1"/>
            <line number="66" hits="1"/>
            <line number="67" hits="1"/>
            <line number="69" hits="1"/>
            <line number="70" hits="1"/>
            <line number="71" hits="1"/>
            <line number="72" hits="1"/>
            <line number="74" hits="1"/>
            <line number="77" hits="1"/>
            <line number="78" hits="1"/>
            <line number="79" hits="1"/>
            <line number="80" hits="1"/>
            <line number="81" hits="1"/>
            <line number="82" hits="1"/>
            <line number="83" hits="1"/>
            <line number="85" hits="1"/>
            <line number="88" hits="1"/>
            <line number="89" hits="1"/>
            <line number="90" hits="1"/>
            <line number="91" hits="1"/>
            <line number="92" hits="1"/>
            <line number="93" hits="1"/>
            <line number="94" hits="1"/>
            <line number="96" hits="1"/>
            <line number="99" hits="1"/>
            <line number="100" hits="1"/>
            <line number="101" hits="1"/>
            <line number="102" hits="1"/>
            <line number="103" hits="1"/>
            <line number="104" hits="1"/>
            <line number="105" hits="1"/>
            <line number="107" hits="1"/>
            <line number="110" hits="1"/>
            <line number="111" hits="1"/>
            <line number="112" hits="1"/>
            <line number="113" hits="1"/>
            <line number="114" hits="1"/>
            <line number="115" hits="1"/>
            <line number="116" hits="1"/>
            <line number="119" hits="1"/>
            <line number="122" hits="1"/>
            <line number="125" hits="1"/>
            <line number="128" hits="1"/>
            <line number="129" hits="1"/>
            <line number="130" hits="1"/>
            <line number="131" hits="1"/>
            <line number="133" hits="1"/>
            <line number="134" hits="1"/>
            <line number="136" hits="1"/>
            <line number="137" hits="1"/>
            <line number="140" hits="1"/>
            <line number="141" hits="1"/>
          </lines>
        </class>
        <class name="Test_RealTimeScheduler.cpp" filename="Users\user1\Desktop\bootcamp\project\ScheduleWizard\Tests\Test_RealTimeScheduler.cpp" line-rate="1" branch-rate="0" complexity="0">
          <methods/>
          <lines>
            <line number="8" hits="1"/>
            <line number="11" hits="1"/>
            <line number="12" hits="1"/>
            <line number="13" hits="1"/>
            <line number="15" hits="1"/>
            <line number="16" hits="1"/>
            <line number="18" hits="1"/>
            <line number="20" hits="1"/>
            <line number="22" hits="1"/>
            <line number="24" hits="1"/>
            <line number="25" hits="1"/>
            <line number="26" hits="1"/>
            <line number="28" hits="1"/>
            <line number="30" hits="1"/>
            <line number="32" hits="1"/>
            <line number="33" hits="1"/>
            <line number="34" hits="1"/>
            <line number="37" hits="1"/>
            <line number="40" hits="1"/>
            <line number="43" hits="1"/>
            <line number="44" hits="1"/>
            <line number="45" hits="1"/>
            <line number="47" hits="1"/>
            <line number="48" hits="1"/>
            <line number="49" hits="1"/>
            <line number="50" hits="1"/>
            <line number="51" hits="1"/>
            <line number="53" hits="1"/>
            <line number="54" hits="1"/>
            <line number="58" hits="1"/>
            <line number="59" hits="1"/>
            <line number="60" hits="1"/>
          </lines>
        </class>
        <class name="doctest.h" filename="Users\user1\Desktop\bootcamp\project\ScheduleWizard\Tests\doctest.h" line-rate="0.41929229277750846" branch-rate="0" complexity="0">
          <methods/>
          <lines>
            <line number="448" hits="1"/>
            <line number="613" hits="1"/>
            <line number="644" hits="1"/>
            <line number="645" hits="1"/>
            <line number="646" hits="1"/>
            <line number="647" hits="1"/>
            <line number="649" hits="1"/>
            <line number="650" hits="1"/>
            <line number="853" hits="1"/>
            <line number="854" hits="0"/>
            <line number="856" hits="0"/>
            <line number="860" hits="0"/>
            <line number="887" hits="0"/>
            <line number="985" hits="1"/>
            <line number="986" hits="1"/>
            <line number="987" hits="1"/>
            <line number="1054" hits="0"/>
            <line number="1055" hits="0"/>
            <line number="1056" hits="0"/>
            <line number="1066" hits="0"/>
            <line number="1067" hits="0"/>
            <line number="1068" hits="0"/>
            <line number="1069" hits="0"/>
            <line number="1070" hits="0"/>
            <line number="1075" hits="0"/>
            <line number="1076" hits="0"/>
            <line number="1077" hits="0"/>
            <line number="1108" hits="0"/>
            <line number="1109" hits="0"/>
            <line number="1110" hits="0"/>
            <line number="1153" hits="0"/>
            <line number="1157" hits="0"/>
            <line number="1159" hits="0"/>
            <line number="1196" hits="0"/>
            <line number="1199" hits="0"/>
            <line number="1207" hits="0"/>
            <line number="1296" hits="0"/>
            <line number="1297" hits="0"/>
            <line number="1340" hits="1"/>
            <line number="1357" hits="1"/>
            <line number="1358" hits="1"/>
            <line number="1359" hits="1"/>
            <line number="1476" hits="1"/>
            <line number="1507" hits="1"/>
            <line number="1508" hits="1"/>
            <line number="1510" hits="1"/>
            <line number="1513" hits="1"/>
            <line number="1515" hits="1"/>
            <line number="1516" hits="0"/>
            <line number="1519" hits="1"/>
            <line number="1520" hits="0"/>
            <line number="1522" hits="1"/>
            <line number="1523" hits="1"/>
            <line number="1529" hits="1"/>
            <line number="1530" hits="1"/>
            <line number="1583" hits="1"/>
            <line number="1584" hits="1"/>
            <line number="1585" hits="1"/>
            <line number="1646" hits="1"/>
            <line number="1676" hits="1"/>
            <line number="1695" hits="1"/>
            <line number="1696" hits="1"/>
            <line number="1697" hits="1"/>
            <line number="1698" hits="0"/>
            <line number="1700" hits="1"/>
            <line number="1701" hits="1"/>
            <line number="1840" hits="0"/>
            <line number="1847" hits="0"/>
            <line number="1876" hits="0"/>
            <line number="2091" hits="1"/>
            <line number="2108" hits="1"/>
            <line number="2109" hits="1"/>
            <line number="2110" hits="1"/>
            <line number="2114" hits="1"/>
            <line number="2115" hits="1"/>
            <line number="2116" hits="1"/>
            <line number="2117" hits="1"/>
            <line number="3079" hits="1"/>
            <line number="3288" hits="0"/>
            <line number="3290" hits="0"/>
            <line number="3302" hits="0"/>
            <line number="3311" hits="1"/>
            <line number="3312" hits="1"/>
            <line number="3313" hits="1"/>
            <line number="3314" hits="1"/>
            <line number="3315" hits="1"/>
            <line number="3316" hits="1"/>
            <line number="3317" hits="1"/>
            <line number="3345" hits="1"/>
            <line number="3346" hits="1"/>
            <line number="3347" hits="1"/>
            <line number="3348" hits="1"/>
            <line number="3350" hits="1"/>
            <line number="3351" hits="1"/>
            <line number="3352" hits="0"/>
            <line number="3354" hits="1"/>
            <line number="3355" hits="1"/>
            <line number="3356" hits="1"/>
            <line number="3357" hits="1"/>
            <line number="3358" hits="1"/>
            <line number="3359" hits="1"/>
            <line number="3360" hits="1"/>
            <line number="3362" hits="1"/>
            <line number="3363" hits="1"/>
            <line number="3364" hits="1"/>
            <line number="3366" hits="1"/>
            <line number="3367" hits="1"/>
            <line number="3368" hits="1"/>
            <line number="3387" hits="1"/>
            <line number="3389" hits="1"/>
            <line number="3390" hits="1"/>
            <line number="3391" hits="1"/>
            <line number="3394" hits="1"/>
            <line number="3395" hits="1"/>
            <line number="3396" hits="1"/>
            <line number="3407" hits="1"/>
            <line number="3414" hits="1"/>
            <line number="3458" hits="1"/>
            <line number="3460" hits="1"/>
            <line number="3461" hits="1"/>
            <line number="3462" hits="1"/>
            <line number="3468" hits="1"/>
            <line number="3470" hits="1"/>
            <line number="3471" hits="1"/>
            <line number="3472" hits="1"/>
            <line number="3473" hits="1"/>
            <line number="3474" hits="1"/>
            <line number="3475" hits="1"/>
            <line number="3476" hits="1"/>
            <line number="3478" hits="1"/>
            <line number="3479" hits="1"/>
            <line number="3480" hits="1"/>
            <line number="3481" hits="1"/>
            <line number="3483" hits="1"/>
            <line number="3485" hits="1"/>
            <line number="3486" hits="1"/>
            <line number="3487" hits="1"/>
            <line number="3488" hits="1"/>
            <line number="3489" hits="1"/>
            <line number="3504" hits="1"/>
            <line number="3506" hits="1"/>
            <line number="3509" hits="1"/>
            <line number="3510" hits="1"/>
            <line number="3538" hits="1"/>
            <line number="3539" hits="1"/>
            <line number="3540" hits="1"/>
            <line number="3541" hits="1"/>
            <line number="3542" hits="1"/>
            <line number="3543" hits="1"/>
            <line number="3544" hits="1"/>
            <line number="3545" hits="1"/>
            <line number="3546" hits="1"/>
            <line number="3547" hits="1"/>
            <line number="3549" hits="1"/>
            <line number="3550" hits="1"/>
            <line number="3553" hits="1"/>
            <line number="3554" hits="1"/>
            <line number="3555" hits="1"/>
            <line number="3556" hits="1"/>
            <line number="3558" hits="1"/>
            <line number="3559" hits="1"/>
            <line number="3561" hits="1"/>
            <line number="3563" hits="0"/>
            <line number="3565" hits="1"/>
            <line number="3566" hits="0"/>
            <line number="3567" hits="0"/>
            <line number="3568" hits="0"/>
            <line number="3570" hits="0"/>
            <line number="3572" hits="0"/>
            <line number="3573" hits="1"/>
            <line number="3574" hits="0"/>
            <line number="3575" hits="0"/>
            <line number="3576" hits="1"/>
            <line number="3577" hits="0"/>
            <line number="3578" hits="0"/>
            <line number="3579" hits="0"/>
            <line number="3581" hits="0"/>
            <line number="3585" hits="1"/>
            <line number="3590" hits="1"/>
            <line number="3591" hits="1"/>
            <line number="3592" hits="1"/>
            <line number="3593" hits="1"/>
            <line number="3606" hits="1"/>
            <line number="3607" hits="1"/>
            <line number="3608" hits="1"/>
            <line number="3609" hits="1"/>
            <line number="3610" hits="1"/>
            <line number="3611" hits="0"/>
            <line number="3613" hits="1"/>
            <line number="3614" hits="1"/>
            <line number="3615" hits="1"/>
            <line number="3616" hits="1"/>
            <line number="3617" hits="1"/>
            <line number="3618" hits="1"/>
            <line number="3620" hits="1"/>
            <line number="3622" hits="1"/>
            <line number="3623" hits="1"/>
            <line number="3624" hits="0"/>
            <line number="3625" hits="0"/>
            <line number="3626" hits="0"/>
            <line number="3627" hits="0"/>
            <line number="3629" hits="1"/>
            <line number="3630" hits="1"/>
            <line number="3631" hits="1"/>
            <line number="3632" hits="1"/>
            <line number="3634" hits="1"/>
            <line number="3636" hits="1"/>
            <line number="3638" hits="1"/>
            <line number="3639" hits="1"/>
            <line number="3640" hits="1"/>
            <line number="3641" hits="1"/>
            <line number="3643" hits="1"/>
            <line number="3644" hits="1"/>
            <line number="3645" hits="1"/>
            <line number="3646" hits="1"/>
            <line number="3649" hits="1"/>
            <line number="3651" hits="1"/>
            <line number="3652" hits="1"/>
            <line number="3653" hits="1"/>
            <line number="3655" hits="1"/>
            <line number="3656" hits="1"/>
            <line number="3657" hits="1"/>
            <line number="3659" hits="1"/>
            <line number="3661" hits="1"/>
            <line number="3662" hits="1"/>
            <line number="3663" hits="1"/>
            <line number="3664" hits="0"/>
            <line number="3666" hits="1"/>
            <line number="3669" hits="1"/>
            <line number="3670" hits="1"/>
            <line number="3672" hits="1"/>
            <line number="3673" hits="1"/>
            <line number="3674" hits="1"/>
            <line number="3675" hits="1"/>
            <line number="3676" hits="1"/>
            <line number="3677" hits="1"/>
            <line number="3679" hits="0"/>
            <line number="3681" hits="0"/>
            <line number="3682" hits="0"/>
            <line number="3685" hits="1"/>
            <line number="3687" hits="1"/>
            <line number="3689" hits="1"/>
            <line number="3690" hits="1"/>
            <line number="3691" hits="1"/>
            <line number="3692" hits="1"/>
            <line number="3694" hits="1"/>
            <line number="3696" hits="1"/>
            <line number="3698" hits="1"/>
            <line number="3700" hits="0"/>
            <line number="3701" hits="0"/>
            <line number="3702" hits="0"/>
            <line number="3705" hits="1"/>
            <line number="3706" hits="1"/>
            <line number="3707" hits="0"/>
            <line number="3709" hits="1"/>
            <line number="3711" hits="1"/>
            <line number="3713" hits="1"/>
            <line number="3715" hits="1"/>
            <line number="3716" hits="1"/>
            <line number="3718" hits="1"/>
            <line number="3722" hits="1"/>
            <line number="3723" hits="1"/>
            <line number="3725" hits="1"/>
            <line number="3726" hits="1"/>
            <line number="3727" hits="1"/>
            <line number="3728" hits="1"/>
            <line number="3729" hits="1"/>
            <line number="3731" hits="1"/>
            <line number="3732" hits="1"/>
            <line number="3733" hits="1"/>
            <line number="3734" hits="0"/>
            <line number="3735" hits="1"/>
            <line number="3736" hits="1"/>
            <line number="3737" hits="1"/>
            <line number="3739" hits="1"/>
            <line number="3740" hits="1"/>
            <line number="3742" hits="0"/>
            <line number="3743" hits="0"/>
            <line number="3744" hits="0"/>
            <line number="3746" hits="1"/>
            <line number="3747" hits="1"/>
            <line number="3748" hits="0"/>
            <line number="3749" hits="1"/>
            <line number="3750" hits="1"/>
            <line number="3753" hits="1"/>
            <line number="3754" hits="1"/>
            <line number="3755" hits="1"/>
            <line number="3756" hits="1"/>
            <line number="3757" hits="1"/>
            <line number="3760" hits="0"/>
            <line number="3761" hits="0"/>
            <line number="3762" hits="0"/>
            <line number="3763" hits="0"/>
            <line number="3764" hits="0"/>
            <line number="3766" hits="0"/>
            <line number="3767" hits="0"/>
            <line number="3768" hits="0"/>
            <line number="3769" hits="0"/>
            <line number="3770" hits="0"/>
            <line number="3771" hits="0"/>
            <line number="3772" hits="0"/>
            <line number="3774" hits="0"/>
            <line number="3775" hits="0"/>
            <line number="3776" hits="0"/>
            <line number="3777" hits="0"/>
            <line number="3779" hits="0"/>
            <line number="3780" hits="0"/>
            <line number="3781" hits="0"/>
            <line number="3782" hits="0"/>
            <line number="3783" hits="0"/>
            <line number="3784" hits="0"/>
            <line number="3785" hits="0"/>
            <line number="3786" hits="0"/>
            <line number="3788" hits="0"/>
            <line number="3789" hits="0"/>
            <line number="3790" hits="0"/>
            <line number="3791" hits="0"/>
            <line number="3792" hits="0"/>
            <line number="3793" hits="0"/>
            <line number="3794" hits="0"/>
            <line number="3796" hits="1"/>
            <line number="3797" hits="1"/>
            <line number="3798" hits="1"/>
            <line number="3799" hits="1"/>
            <line number="3800" hits="1"/>
            <line number="3802" hits="1"/>
            <line number="3803" hits="1"/>
            <line number="3804" hits="1"/>
            <line number="3806" hits="1"/>
            <line number="3808" hits="1"/>
            <line number="3809" hits="0"/>
            <line number="3810" hits="1"/>
            <line number="3811" hits="0"/>
            <line number="3812" hits="0"/>
            <line number="3813" hits="0"/>
            <line number="3815" hits="1"/>
            <line number="3817" hits="1"/>
            <line number="3819" hits="0"/>
            <line number="3820" hits="0"/>
            <line number="3821" hits="0"/>
            <line number="3823" hits="0"/>
            <line number="3824" hits="0"/>
            <line number="3825" hits="0"/>
            <line number="3827" hits="0"/>
            <line number="3828" hits="0"/>
            <line number="3829" hits="0"/>
            <line number="3830" hits="0"/>
            <line number="3837" hits="1"/>
            <line number="3838" hits="1"/>
            <line number="3839" hits="1"/>
            <line number="3840" hits="1"/>
            <line number="3844" hits="1"/>
            <line number="3851" hits="1"/>
            <line number="3852" hits="0"/>
            <line number="3853" hits="1"/>
            <line number="3854" hits="0"/>
            <line number="3856" hits="0"/>
            <line number="3858" hits="0"/>
            <line number="3860" hits="0"/>
            <line number="3862" hits="0"/>
            <line number="3864" hits="0"/>
            <line number="3866" hits="0"/>
            <line number="3868" hits="0"/>
            <line number="3869" hits="0"/>
            <line number="3870" hits="0"/>
            <line number="3871" hits="0"/>
            <line number="3872" hits="0"/>
            <line number="3873" hits="0"/>
            <line number="3875" hits="0"/>
            <line number="3876" hits="0"/>
            <line number="3878" hits="0"/>
            <line number="3881" hits="1"/>
            <line number="3884" hits="1"/>
            <line number="3885" hits="1"/>
            <line number="3886" hits="0"/>
            <line number="3887" hits="1"/>
            <line number="3888" hits="1"/>
            <line number="3889" hits="0"/>
            <line number="3890" hits="0"/>
            <line number="3891" hits="0"/>
            <line number="3892" hits="1"/>
            <line number="3897" hits="1"/>
            <line number="3899" hits="1"/>
            <line number="3900" hits="0"/>
            <line number="3901" hits="0"/>
            <line number="3902" hits="0"/>
            <line number="3903" hits="0"/>
            <line number="3904" hits="0"/>
            <line number="3905" hits="0"/>
            <line number="3909" hits="1"/>
            <line number="3910" hits="1"/>
            <line number="3914" hits="1"/>
            <line number="3915" hits="1"/>
            <line number="3918" hits="1"/>
            <line number="3920" hits="0"/>
            <line number="3921" hits="0"/>
            <line number="3922" hits="0"/>
            <line number="3923" hits="0"/>
            <line number="3924" hits="0"/>
            <line number="3925" hits="0"/>
            <line number="3926" hits="0"/>
            <line number="3928" hits="0"/>
            <line number="3931" hits="0"/>
            <line number="3932" hits="0"/>
            <line number="3933" hits="0"/>
            <line number="3934" hits="0"/>
            <line number="3937" hits="1"/>
            <line number="3938" hits="1"/>
            <line number="3939" hits="1"/>
            <line number="3940" hits="1"/>
            <line number="3941" hits="1"/>
            <line number="3950" hits="0"/>
            <line number="3953" hits="0"/>
            <line number="3955" hits="0"/>
            <line number="3957" hits="0"/>
            <line number="3959" hits="0"/>
            <line number="3960" hits="0"/>
            <line number="3961" hits="0"/>
            <line number="3963" hits="0"/>
            <line number="3964" hits="0"/>
            <line number="3965" hits="0"/>
            <line number="3966" hits="0"/>
            <line number="3967" hits="0"/>
            <line number="3968" hits="0"/>
            <line number="3969" hits="0"/>
            <line number="3970" hits="0"/>
            <line number="3971" hits="0"/>
            <line number="3972" hits="0"/>
            <line number="3973" hits="1"/>
            <line number="3976" hits="1"/>
            <line number="3977" hits="1"/>
            <line number="3978" hits="1"/>
            <line number="3980" hits="0"/>
            <line number="3981" hits="0"/>
            <line number="3982" hits="0"/>
            <line number="3983" hits="0"/>
            <line number="3984" hits="0"/>
            <line number="3985" hits="0"/>
            <line number="3987" hits="1"/>
            <line number="3988" hits="1"/>
            <line number="3989" hits="1"/>
            <line number="3990" hits="1"/>
            <line number="3991" hits="0"/>
            <line number="3992" hits="0"/>
            <line number="3993" hits="0"/>
            <line number="3994" hits="0"/>
            <line number="3996" hits="1"/>
            <line number="3998" hits="1"/>
            <line number="4000" hits="1"/>
            <line number="4001" hits="0"/>
            <line number="4002" hits="0"/>
            <line number="4003" hits="1"/>
            <line number="4004" hits="0"/>
            <line number="4005" hits="0"/>
            <line number="4006" hits="0"/>
            <line number="4007" hits="0"/>
            <line number="4008" hits="0"/>
            <line number="4009" hits="0"/>
            <line number="4010" hits="0"/>
            <line number="4011" hits="0"/>
            <line number="4013" hits="0"/>
            <line number="4014" hits="0"/>
            <line number="4015" hits="0"/>
            <line number="4016" hits="1"/>
            <line number="4020" hits="0"/>
            <line number="4021" hits="0"/>
            <line number="4022" hits="0"/>
            <line number="4028" hits="0"/>
            <line number="4029" hits="0"/>
            <line number="4030" hits="0"/>
            <line number="4031" hits="0"/>
            <line number="4073" hits="1"/>
            <line number="4075" hits="1"/>
            <line number="4076" hits="1"/>
            <line number="4085" hits="1"/>
            <line number="4086" hits="1"/>
            <line number="4087" hits="1"/>
            <line number="4088" hits="1"/>
            <line number="4089" hits="1"/>
            <line number="4090" hits="1"/>
            <line number="4091" hits="1"/>
            <line number="4092" hits="1"/>
            <line number="4099" hits="1"/>
            <line number="4100" hits="1"/>
            <line number="4101" hits="0"/>
            <line number="4104" hits="1"/>
            <line number="4107" hits="0"/>
            <line number="4109" hits="1"/>
            <line number="4110" hits="1"/>
            <line number="4113" hits="0"/>
            <line number="4114" hits="0"/>
            <line number="4115" hits="0"/>
            <line number="4116" hits="0"/>
            <line number="4126" hits="1"/>
            <line number="4127" hits="1"/>
            <line number="4128" hits="1"/>
            <line number="4130" hits="1"/>
            <line number="4131" hits="1"/>
            <line number="4133" hits="1"/>
            <line number="4135" hits="1"/>
            <line number="4136" hits="1"/>
            <line number="4137" hits="1"/>
            <line number="4139" hits="1"/>
            <line number="4140" hits="0"/>
            <line number="4141" hits="0"/>
            <line number="4142" hits="0"/>
            <line number="4144" hits="0"/>
            <line number="4145" hits="0"/>
            <line number="4146" hits="0"/>
            <line number="4147" hits="0"/>
            <line number="4149" hits="0"/>
            <line number="4150" hits="0"/>
            <line number="4151" hits="0"/>
            <line number="4153" hits="0"/>
            <line number="4154" hits="0"/>
            <line number="4156" hits="0"/>
            <line number="4158" hits="1"/>
            <line number="4159" hits="0"/>
            <line number="4160" hits="0"/>
            <line number="4161" hits="1"/>
            <line number="4162" hits="1"/>
            <line number="4166" hits="1"/>
            <line number="4167" hits="1"/>
            <line number="4168" hits="1"/>
            <line number="4169" hits="1"/>
            <line number="4170" hits="1"/>
            <line number="4171" hits="1"/>
            <line number="4172" hits="1"/>
            <line number="4173" hits="1"/>
            <line number="4176" hits="1"/>
            <line number="4177" hits="1"/>
            <line number="4178" hits="1"/>
            <line number="4182" hits="1"/>
            <line number="4183" hits="1"/>
            <line number="4185" hits="1"/>
            <line number="4186" hits="1"/>
            <line number="4187" hits="1"/>
            <line number="4188" hits="1"/>
            <line number="4190" hits="1"/>
            <line number="4191" hits="1"/>
            <line number="4192" hits="1"/>
            <line number="4194" hits="1"/>
            <line number="4195" hits="1"/>
            <line number="4196" hits="1"/>
            <line number="4197" hits="1"/>
            <line number="4198" hits="0"/>
            <line number="4199" hits="1"/>
            <line number="4200" hits="1"/>
            <line number="4201" hits="1"/>
            <line number="4203" hits="1"/>
            <line number="4204" hits="1"/>
            <line number="4205" hits="1"/>
            <line number="4206" hits="1"/>
            <line number="4207" hits="1"/>
            <line number="4208" hits="1"/>
            <line number="4209" hits="1"/>
            <line number="4212" hits="1"/>
            <line number="4213" hits="1"/>
            <line number="4214" hits="1"/>
            <line number="4215" hits="0"/>
            <line number="4216" hits="1"/>
            <line number="4217" hits="0"/>
            <line number="4219" hits="1"/>
            <line number="4220" hits="1"/>
            <line number="4223" hits="1"/>
            <line number="4224" hits="1"/>
            <line number="4226" hits="1"/>
            <line number="4228" hits="1"/>
            <line number="4230" hits="1"/>
            <line number="4231" hits="1"/>
            <line number="4232" hits="1"/>
            <line number="4233" hits="1"/>
            <line number="4235" hits="1"/>
            <line number="4237" hits="1"/>
            <line number="4239" hits="0"/>
            <line number="4240" hits="0"/>
            <line number="4241" hits="0"/>
            <line number="4242" hits="0"/>
            <line number="4244" hits="1"/>
            <line number="4246" hits="1"/>
            <line number="4248" hits="1"/>
            <line number="4249" hits="1"/>
            <line number="4251" hits="1"/>
            <line number="4254" hits="1"/>
            <line number="4260" hits="1"/>
            <line number="4261" hits="1"/>
            <line number="4262" hits="1"/>
            <line number="4264" hits="1"/>
            <line number="4266" hits="1"/>
            <line number="4267" hits="1"/>
            <line number="4268" hits="1"/>
            <line number="4269" hits="1"/>
            <line number="4270" hits="0"/>
            <line number="4272" hits="0"/>
            <line number="4280" hits="1"/>
            <line number="4281" hits="0"/>
            <line number="4285" hits="0"/>
            <line number="4286" hits="0"/>
            <line number="4289" hits="1"/>
            <line number="4291" hits="1"/>
            <line number="4297" hits="1"/>
            <line number="4300" hits="1"/>
            <line number="4301" hits="1"/>
            <line number="4304" hits="1"/>
            <line number="4306" hits="1"/>
            <line number="4307" hits="1"/>
            <line number="4308" hits="1"/>
            <line number="4309" hits="1"/>
            <line number="4312" hits="1"/>
            <line number="4313" hits="1"/>
            <line number="4314" hits="1"/>
            <line number="4315" hits="1"/>
            <line number="4316" hits="1"/>
            <line number="4317" hits="1"/>
            <line number="4318" hits="1"/>
            <line number="4319" hits="1"/>
            <line number="4320" hits="1"/>
            <line number="4321" hits="1"/>
            <line number="4322" hits="1"/>
            <line number="4323" hits="1"/>
            <line number="4324" hits="1"/>
            <line number="4326" hits="1"/>
            <line number="4327" hits="1"/>
            <line number="4328" hits="1"/>
            <line number="4329" hits="1"/>
            <line number="4332" hits="1"/>
            <line number="4333" hits="1"/>
            <line number="4334" hits="1"/>
            <line number="4337" hits="1"/>
            <line number="4338" hits="1"/>
            <line number="4339" hits="1"/>
            <line number="4340" hits="1"/>
            <line number="4341" hits="1"/>
            <line number="4342" hits="1"/>
            <line number="4344" hits="1"/>
            <line number="4345" hits="0"/>
            <line number="4346" hits="1"/>
            <line number="4347" hits="1"/>
            <line number="4350" hits="1"/>
            <line number="4351" hits="1"/>
            <line number="4353" hits="1"/>
            <line number="4354" hits="0"/>
            <line number="4356" hits="0"/>
            <line number="4358" hits="1"/>
            <line number="4359" hits="1"/>
            <line number="4361" hits="1"/>
            <line number="4363" hits="1"/>
            <line number="4364" hits="1"/>
            <line number="4365" hits="0"/>
            <line number="4366" hits="0"/>
            <line number="4367" hits="0"/>
            <line number="4368" hits="0"/>
            <line number="4369" hits="0"/>
            <line number="4370" hits="0"/>
            <line number="4371" hits="0"/>
            <line number="4372" hits="1"/>
            <line number="4375" hits="1"/>
            <line number="4376" hits="1"/>
            <line number="4377" hits="1"/>
            <line number="4378" hits="1"/>
            <line number="4383" hits="1"/>
            <line number="4386" hits="1"/>
            <line number="4387" hits="1"/>
            <line number="4388" hits="1"/>
            <line number="4389" hits="1"/>
            <line number="4390" hits="1"/>
            <line number="4391" hits="0"/>
            <line number="4392" hits="1"/>
            <line number="4395" hits="0"/>
            <line number="4396" hits="0"/>
            <line number="4397" hits="0"/>
            <line number="4398" hits="0"/>
            <line number="4399" hits="0"/>
            <line number="4400" hits="0"/>
            <line number="4403" hits="0"/>
            <line number="4404" hits="0"/>
            <line number="4405" hits="0"/>
            <line number="4406" hits="0"/>
            <line number="4407" hits="0"/>
            <line number="4408" hits="0"/>
            <line number="4411" hits="1"/>
            <line number="4442" hits="1"/>
            <line number="4444" hits="0"/>
            <line number="4451" hits="1"/>
            <line number="4452" hits="1"/>
            <line number="4454" hits="1"/>
            <line number="4455" hits="1"/>
            <line number="4457" hits="1"/>
            <line number="4459" hits="1"/>
            <line number="4460" hits="1"/>
            <line number="4465" hits="1"/>
            <line number="4466" hits="0"/>
            <line number="4467" hits="1"/>
            <line number="4468" hits="0"/>
            <line number="4469" hits="0"/>
            <line number="4470" hits="1"/>
            <line number="4471" hits="1"/>
            <line number="4472" hits="0"/>
            <line number="4473" hits="1"/>
            <line number="4474" hits="0"/>
            <line number="4475" hits="0"/>
            <line number="4476" hits="0"/>
            <line number="4479" hits="1"/>
            <line number="4483" hits="1"/>
            <line number="4486" hits="0"/>
            <line number="4487" hits="0"/>
            <line number="4488" hits="0"/>
            <line number="4489" hits="0"/>
            <line number="4491" hits="0"/>
            <line number="4493" hits="0"/>
            <line number="4494" hits="0"/>
            <line number="4495" hits="0"/>
            <line number="4496" hits="0"/>
            <line number="4497" hits="0"/>
            <line number="4501" hits="0"/>
            <line number="4503" hits="0"/>
            <line number="4504" hits="0"/>
            <line number="4505" hits="0"/>
            <line number="4506" hits="0"/>
            <line number="4507" hits="0"/>
            <line number="4508" hits="0"/>
            <line number="4509" hits="0"/>
            <line number="4510" hits="0"/>
            <line number="4511" hits="0"/>
            <line number="4512" hits="0"/>
            <line number="4513" hits="0"/>
            <line number="4514" hits="0"/>
            <line number="4520" hits="0"/>
            <line number="4525" hits="1"/>
            <line number="4526" hits="1"/>
            <line number="4527" hits="1"/>
            <line number="4528" hits="1"/>
            <line number="4531" hits="1"/>
            <line number="4532" hits="1"/>
            <line number="4533" hits="1"/>
            <line number="4534" hits="1"/>
            <line number="4588" hits="1"/>
            <line number="4594" hits="0"/>
            <line number="4595" hits="0"/>
            <line number="4597" hits="0"/>
            <line number="4598" hits="0"/>
            <line number="4600" hits="1"/>
            <line number="4602" hits="0"/>
            <line number="4603" hits="0"/>
            <line number="4604" hits="0"/>
            <line number="4606" hits="0"/>
            <line number="4607" hits="0"/>
            <line number="4608" hits="0"/>
            <line number="4610" hits="0"/>
            <line number="4611" hits="0"/>
            <line number="4612" hits="0"/>
            <line number="4621" hits="0"/>
            <line number="4623" hits="0"/>
            <line number="4627" hits="0"/>
            <line number="4628" hits="0"/>
            <line number="4629" hits="0"/>
            <line number="4630" hits="0"/>
            <line number="4631" hits="0"/>
            <line number="4632" hits="0"/>
            <line number="4673" hits="0"/>
            <line number="4676" hits="0"/>
            <line number="4679" hits="0"/>
            <line number="4680" hits="0"/>
            <line number="4681" hits="0"/>
            <line number="4682" hits="0"/>
            <line number="4683" hits="0"/>
            <line number="4684" hits="0"/>
            <line number="4685" hits="0"/>
            <line number="4686" hits="0"/>
            <line number="4688" hits="0"/>
            <line number="4689" hits="0"/>
            <line number="4690" hits="0"/>
            <line number="4691" hits="0"/>
            <line number="4692" hits="0"/>
            <line number="4694" hits="0"/>
            <line number="4695" hits="0"/>
            <line number="4696" hits="0"/>
            <line number="4697" hits="0"/>
            <line number="4699" hits="1"/>
            <line number="4700" hits="1"/>
            <line number="4702" hits="1"/>
            <line number="4703" hits="1"/>
            <line number="4706" hits="1"/>
            <line number="4708" hits="1"/>
            <line number="4710" hits="1"/>
            <line number="4718" hits="1"/>
            <line number="4719" hits="1"/>
            <line number="4720" hits="0"/>
            <line number="4721" hits="0"/>
            <line number="4722" hits="0"/>
            <line number="4723" hits="0"/>
            <line number="4724" hits="0"/>
            <line number="4730" hits="1"/>
            <line number="4731" hits="0"/>
            <line number="4732" hits="0"/>
            <line number="4733" hits="0"/>
            <line number="4734" hits="0"/>
            <line number="4735" hits="0"/>
            <line number="4737" hits="0"/>
            <line number="4743" hits="1"/>
            <line number="4746" hits="1"/>
            <line number="4749" hits="1"/>
            <line number="4754" hits="1"/>
            <line number="4755" hits="1"/>
            <line number="4756" hits="1"/>
            <line number="4758" hits="1"/>
            <line number="4759" hits="1"/>
            <line number="4761" hits="1"/>
            <line number="4762" hits="1"/>
            <line number="4763" hits="1"/>
            <line number="4764" hits="1"/>
            <line number="4765" hits="1"/>
            <line number="4766" hits="1"/>
            <line number="4767" hits="1"/>
            <line number="4768" hits="1"/>
            <line number="4769" hits="1"/>
            <line number="4770" hits="1"/>
            <line number="4772" hits="1"/>
            <line number="4774" hits="1"/>
            <line number="4894" hits="1"/>
            <line number="4895" hits="1"/>
            <line number="4896" hits="1"/>
            <line number="4897" hits="1"/>
            <line number="4899" hits="1"/>
            <line number="4900" hits="1"/>
            <line number="4901" hits="1"/>
            <line number="4902" hits="1"/>
            <line number="4905" hits="0"/>
            <line number="4906" hits="0"/>
            <line number="4908" hits="0"/>
            <line number="4910" hits="0"/>
            <line number="4911" hits="0"/>
            <line number="4912" hits="0"/>
            <line number="4913" hits="0"/>
            <line number="4915" hits="0"/>
            <line number="4917" hits="0"/>
            <line number="4919" hits="0"/>
            <line number="4920" hits="0"/>
            <line number="4926" hits="1"/>
            <line number="4927" hits="1"/>
            <line number="4928" hits="1"/>
            <line number="4930" hits="1"/>
            <line number="4931" hits="0"/>
            <line number="4933" hits="1"/>
            <line number="4938" hits="1"/>
            <line number="4942" hits="0"/>
            <line number="4944" hits="1"/>
            <line number="4945" hits="1"/>
            <line number="4946" hits="1"/>
            <line number="4947" hits="1"/>
            <line number="4949" hits="0"/>
            <line number="4950" hits="0"/>
            <line number="4951" hits="0"/>
            <line number="4952" hits="0"/>
            <line number="4954" hits="1"/>
            <line number="4955" hits="1"/>
            <line number="4956" hits="0"/>
            <line number="4957" hits="0"/>
            <line number="4958" hits="1"/>
            <line number="4959" hits="0"/>
            <line number="4960" hits="0"/>
            <line number="4961" hits="1"/>
            <line number="4962" hits="0"/>
            <line number="4963" hits="0"/>
            <line number="4964" hits="1"/>
            <line number="4965" hits="0"/>
            <line number="4966" hits="0"/>
            <line number="4967" hits="1"/>
            <line number="4968" hits="1"/>
            <line number="4971" hits="1"/>
            <line number="4972" hits="0"/>
            <line number="4974" hits="1"/>
            <line number="4975" hits="1"/>
            <line number="4976" hits="1"/>
            <line number="4978" hits="1"/>
            <line number="4979" hits="1"/>
            <line number="4980" hits="1"/>
            <line number="4981" hits="0"/>
            <line number="4982" hits="0"/>
            <line number="4985" hits="1"/>
            <line number="4987" hits="1"/>
            <line number="4989" hits="1"/>
            <line number="4990" hits="1"/>
            <line number="4991" hits="0"/>
            <line number="4992" hits="1"/>
            <line number="4994" hits="0"/>
            <line number="4995" hits="0"/>
            <line number="4996" hits="0"/>
            <line number="4998" hits="0"/>
            <line number="4999" hits="0"/>
            <line number="5002" hits="0"/>
            <line number="5003" hits="0"/>
            <line number="5009" hits="0"/>
            <line number="5010" hits="0"/>
            <line number="5011" hits="0"/>
            <line number="5012" hits="0"/>
            <line number="5014" hits="0"/>
            <line number="5015" hits="0"/>
            <line number="5016" hits="0"/>
            <line number="5017" hits="0"/>
            <line number="5018" hits="0"/>
            <line number="5019" hits="0"/>
            <line number="5021" hits="0"/>
            <line number="5022" hits="0"/>
            <line number="5023" hits="0"/>
            <line number="5024" hits="0"/>
            <line number="5026" hits="0"/>
            <line number="5028" hits="0"/>
            <line number="5029" hits="0"/>
            <line number="5030" hits="0"/>
            <line number="5031" hits="0"/>
            <line number="5034" hits="0"/>
[...]
            <line number="6362" hits="0"/>
            <line number="6363" hits="0"/>
            <line number="6364" hits="1"/>
            <line number="6365" hits="0"/>
            <line number="6366" hits="0"/>
            <line number="6367" hits="1"/>
            <line number="6368" hits="0"/>
            <line number="6369" hits="0"/>
            <line number="6370" hits="1"/>
            <line number="6371" hits="0"/>
            <line number="6373" hits="0"/>
            <line number="6374" hits="1"/>
            <line number="6375" hits="0"/>
            <line number="6378" hits="1"/>
            <line number="6379" hits="0"/>
            <line number="6381" hits="1"/>
            <line number="6382" hits="1"/>
            <line number="6384" hits="0"/>
            <line number="6385" hits="0"/>
            <line number="6386" hits="0"/>
            <line number="6387" hits="0"/>
            <line number="6389" hits="0"/>
            <line number="6391" hits="0"/>
            <line number="6392" hits="0"/>
            <line number="6394" hits="0"/>
            <line number="6397" hits="0"/>
            <line number="6398" hits="0"/>
            <line number="6399" hits="0"/>
            <line number="6400" hits="0"/>
            <line number="6401" hits="0"/>
            <line number="6402" hits="0"/>
            <line number="6404" hits="0"/>
            <line number="6406" hits="0"/>
            <line number="6407" hits="0"/>
            <line number="6409" hits="1"/>
            <line number="6410" hits="1"/>
            <line number="6411" hits="1"/>
            <line number="6412" hits="1"/>
            <line number="6413" hits="1"/>
            <line number="6415" hits="1"/>
            <line number="6416" hits="1"/>
            <line number="6417" hits="1"/>
            <line number="6418" hits="1"/>
            <line number="6420" hits="1"/>
            <line number="6421" hits="1"/>
            <line number="6422" hits="1"/>
            <line number="6424" hits="1"/>
            <line number="6426" hits="1"/>
            <line number="6428" hits="1"/>
            <line number="6429" hits="1"/>
            <line number="6431" hits="1"/>
            <line number="6433" hits="1"/>
            <line number="6434" hits="1"/>
            <line number="6436" hits="0"/>
            <line number="6437" hits="0"/>
            <line number="6438" hits="0"/>
            <line number="6440" hits="0"/>
            <line number="6442" hits="0"/>
            <line number="6444" hits="0"/>
            <line number="6445" hits="0"/>
            <line number="6448" hits="0"/>
            <line number="6449" hits="0"/>
            <line number="6450" hits="0"/>
            <line number="6452" hits="0"/>
            <line number="6455" hits="1"/>
            <line number="6462" hits="1"/>
            <line number="6463" hits="1"/>
            <line number="6477" hits="1"/>
            <line number="6478" hits="1"/>
            <line number="6479" hits="1"/>
            <line number="6480" hits="1"/>
            <line number="6481" hits="1"/>
            <line number="6482" hits="0"/>
            <line number="6483" hits="1"/>
            <line number="6484" hits="1"/>
            <line number="6485" hits="1"/>
            <line number="6486" hits="0"/>
            <line number="6487" hits="0"/>
            <line number="6490" hits="1"/>
            <line number="6494" hits="1"/>
            <line number="6496" hits="1"/>
            <line number="6497" hits="1"/>
            <line number="6498" hits="1"/>
            <line number="6499" hits="1"/>
            <line number="6501" hits="0"/>
            <line number="6502" hits="0"/>
            <line number="6503" hits="0"/>
            <line number="6504" hits="0"/>
            <line number="6505" hits="0"/>
            <line number="6506" hits="0"/>
            <line number="6508" hits="0"/>
            <line number="6509" hits="0"/>
            <line number="6510" hits="0"/>
            <line number="6512" hits="0"/>
            <line number="6513" hits="0"/>
            <line number="6514" hits="0"/>
            <line number="6515" hits="0"/>
            <line number="6516" hits="0"/>
            <line number="6518" hits="0"/>
            <line number="6521" hits="0"/>
            <line number="6525" hits="1"/>
            <line number="6526" hits="1"/>
            <line number="6527" hits="1"/>
            <line number="6531" hits="1"/>
            <line number="6532" hits="1"/>
            <line number="6533" hits="1"/>
            <line number="6536" hits="1"/>
            <line number="6537" hits="0"/>
            <line number="6539" hits="1"/>
            <line number="6540" hits="1"/>
            <line number="6543" hits="1"/>
            <line number="6544" hits="1"/>
            <line number="6545" hits="1"/>
            <line number="6549" hits="1"/>
            <line number="6550" hits="1"/>
            <line number="6551" hits="1"/>
            <line number="6553" hits="0"/>
            <line number="6554" hits="0"/>
            <line number="6555" hits="0"/>
            <line number="6556" hits="0"/>
            <line number="6557" hits="0"/>
            <line number="6559" hits="0"/>
            <line number="6560" hits="0"/>
            <line number="6562" hits="0"/>
            <line number="6563" hits="0"/>
            <line number="6564" hits="0"/>
            <line number="6565" hits="0"/>
            <line number="6566" hits="0"/>
            <line number="6567" hits="0"/>
            <line number="6568" hits="0"/>
            <line number="6569" hits="0"/>
            <line number="6570" hits="0"/>
            <line number="6571" hits="0"/>
            <line number="6573" hits="0"/>
            <line number="6575" hits="0"/>
            <line number="6576" hits="0"/>
            <line number="6577" hits="0"/>
            <line number="6578" hits="0"/>
            <line number="6579" hits="0"/>
            <line number="6580" hits="0"/>
            <line number="6582" hits="0"/>
            <line number="6584" hits="0"/>
            <line number="6586" hits="0"/>
            <line number="6587" hits="0"/>
            <line number="6589" hits="0"/>
            <line number="6590" hits="0"/>
            <line number="6592" hits="1"/>
            <line number="6593" hits="1"/>
            <line number="6603" hits="1"/>
            <line number="6604" hits="1"/>
            <line number="6605" hits="1"/>
            <line number="6606" hits="1"/>
            <line number="6608" hits="0"/>
            <line number="6611" hits="0"/>
            <line number="6612" hits="0"/>
            <line number="6613" hits="0"/>
            <line number="6614" hits="0"/>
            <line number="6616" hits="0"/>
            <line number="6619" hits="0"/>
            <line number="6620" hits="0"/>
            <line number="6623" hits="0"/>
            <line number="6624" hits="0"/>
            <line number="6625" hits="0"/>
            <line number="6626" hits="0"/>
            <line number="6628" hits="0"/>
            <line number="6629" hits="0"/>
            <line number="6630" hits="0"/>
            <line number="6632" hits="0"/>
            <line number="6634" hits="0"/>
            <line number="6635" hits="1"/>
            <line number="6639" hits="1"/>
            <line number="6640" hits="1"/>
            <line number="6641" hits="1"/>
            <line number="6642" hits="1"/>
            <line number="6643" hits="1"/>
            <line number="6645" hits="1"/>
            <line number="6646" hits="1"/>
            <line number="6647" hits="0"/>
            <line number="6648" hits="1"/>
            <line number="6649" hits="1"/>
            <line number="6651" hits="0"/>
            <line number="6652" hits="0"/>
            <line number="6653" hits="0"/>
            <line number="6654" hits="0"/>
            <line number="6655" hits="0"/>
            <line number="6658" hits="1"/>
            <line number="6662" hits="1"/>
            <line number="6663" hits="1"/>
            <line number="6664" hits="1"/>
            <line number="6665" hits="1"/>
            <line number="6666" hits="1"/>
            <line number="6667" hits="1"/>
            <line number="6668" hits="1"/>
            <line number="6669" hits="1"/>
            <line number="6670" hits="1"/>
            <line number="6671" hits="1"/>
            <line number="6672" hits="1"/>
            <line number="6673" hits="1"/>
            <line number="6674" hits="1"/>
            <line number="6675" hits="1"/>
            <line number="6676" hits="1"/>
            <line number="6677" hits="1"/>
            <line number="6678" hits="1"/>
            <line number="6679" hits="1"/>
            <line number="6682" hits="1"/>
            <line number="6683" hits="1"/>
            <line number="6709" hits="1"/>
            <line number="6710" hits="1"/>
            <line number="6711" hits="1"/>
            <line number="6713" hits="1"/>
            <line number="6714" hits="1"/>
            <line number="6716" hits="1"/>
            <line number="6717" hits="1"/>
            <line number="6719" hits="1"/>
            <line number="6720" hits="1"/>
            <line number="6721" hits="1"/>
            <line number="6722" hits="1"/>
            <line number="6723" hits="1"/>
            <line number="6724" hits="1"/>
            <line number="6725" hits="1"/>
            <line number="6726" hits="1"/>
            <line number="6727" hits="1"/>
            <line number="6728" hits="1"/>
            <line number="6729" hits="1"/>
            <line number="6730" hits="1"/>
            <line number="6731" hits="1"/>
            <line number="6732" hits="1"/>
            <line number="6733" hits="1"/>
            <line number="6734" hits="1"/>
            <line number="6735" hits="1"/>
            <line number="6736" hits="1"/>
            <line number="6737" hits="1"/>
            <line number="6738" hits="1"/>
            <line number="6739" hits="1"/>
            <line number="6742" hits="1"/>
            <line number="6743" hits="1"/>
            <line number="6744" hits="1"/>
            <line number="6745" hits="1"/>
            <line number="6746" hits="1"/>
            <line number="6747" hits="1"/>
            <line number="6748" hits="1"/>
            <line number="6751" hits="1"/>
            <line number="6753" hits="0"/>
            <line number="6754" hits="0"/>
            <line number="6756" hits="1"/>
            <line number="6758" hits="0"/>
            <line number="6759" hits="0"/>
            <line number="6761" hits="1"/>
            <line number="6763" hits="0"/>
            <line number="6764" hits="0"/>
            <line number="6766" hits="1"/>
            <line number="6768" hits="0"/>
            <line number="6769" hits="0"/>
            <line number="6771" hits="1"/>
            <line number="6773" hits="0"/>
            <line number="6774" hits="0"/>
            <line number="6776" hits="1"/>
            <line number="6778" hits="0"/>
            <line number="6779" hits="0"/>
            <line number="6781" hits="1"/>
            <line number="6784" hits="0"/>
            <line number="6787" hits="0"/>
            <line number="6788" hits="0"/>
            <line number="6789" hits="0"/>
            <line number="6790" hits="0"/>
            <line number="6793" hits="0"/>
            <line number="6794" hits="0"/>
            <line number="6795" hits="0"/>
            <line number="6798" hits="0"/>
            <line number="6799" hits="0"/>
            <line number="6800" hits="0"/>
            <line number="6803" hits="0"/>
            <line number="6804" hits="0"/>
            <line number="6805" hits="0"/>
            <line number="6806" hits="0"/>
            <line number="6807" hits="0"/>
            <line number="6810" hits="0"/>
            <line number="6812" hits="0"/>
            <line number="6814" hits="0"/>
            <line number="6816" hits="0"/>
            <line number="6828" hits="0"/>
            <line number="6830" hits="0"/>
            <line number="6831" hits="0"/>
            <line number="6832" hits="0"/>
            <line number="6833" hits="0"/>
            <line number="6837" hits="1"/>
            <line number="6838" hits="1"/>
            <line number="6839" hits="1"/>
            <line number="6842" hits="1"/>
            <line number="6846" hits="1"/>
            <line number="6848" hits="1"/>
            <line number="6849" hits="1"/>
            <line number="6851" hits="1"/>
            <line number="6852" hits="1"/>
            <line number="6854" hits="1"/>
            <line number="6855" hits="1"/>
            <line number="6856" hits="1"/>
            <line number="6857" hits="0"/>
            <line number="6858" hits="0"/>
            <line number="6859" hits="1"/>
            <line number="6861" hits="0"/>
            <line number="6862" hits="0"/>
            <line number="6863" hits="0"/>
            <line number="6867" hits="1"/>
            <line number="6874" hits="1"/>
            <line number="6876" hits="1"/>
            <line number="6877" hits="1"/>
            <line number="6879" hits="1"/>
            <line number="6880" hits="0"/>
            <line number="6883" hits="1"/>
            <line number="6884" hits="1"/>
            <line number="6887" hits="1"/>
            <line number="6888" hits="1"/>
            <line number="6889" hits="1"/>
            <line number="6891" hits="1"/>
            <line number="6892" hits="1"/>
            <line number="6893" hits="0"/>
            <line number="6894" hits="1"/>
            <line number="6897" hits="1"/>
            <line number="6898" hits="1"/>
            <line number="6901" hits="1"/>
            <line number="6902" hits="1"/>
            <line number="6903" hits="1"/>
            <line number="6904" hits="1"/>
            <line number="6909" hits="1"/>
            <line number="6910" hits="0"/>
            <line number="6913" hits="1"/>
            <line number="6914" hits="1"/>
            <line number="6918" hits="1"/>
            <line number="6919" hits="0"/>
            <line number="6921" hits="0"/>
            <line number="6924" hits="1"/>
            <line number="6925" hits="1"/>
            <line number="6926" hits="1"/>
            <line number="6927" hits="1"/>
            <line number="6930" hits="1"/>
            <line number="6931" hits="1"/>
            <line number="6932" hits="1"/>
            <line number="6933" hits="1"/>
            <line number="6934" hits="0"/>
            <line number="6935" hits="0"/>
            <line number="6936" hits="0"/>
            <line number="6937" hits="0"/>
            <line number="6938" hits="0"/>
            <line number="6939" hits="0"/>
            <line number="6940" hits="0"/>
            <line number="6941" hits="0"/>
            <line number="6944" hits="0"/>
            <line number="6945" hits="0"/>
            <line number="6946" hits="0"/>
            <line number="6948" hits="0"/>
            <line number="6950" hits="0"/>
            <line number="6951" hits="0"/>
            <line number="6952" hits="0"/>
            <line number="6953" hits="0"/>
            <line number="6954" hits="0"/>
            <line number="6960" hits="1"/>
            <line number="6962" hits="1"/>
            <line number="6963" hits="1"/>
            <line number="6965" hits="1"/>
            <line number="6966" hits="1"/>
            <line number="6969" hits="1"/>
            <line number="6970" hits="1"/>
            <line number="6972" hits="1"/>
            <line number="6973" hits="1"/>
            <line number="6974" hits="0"/>
            <line number="6976" hits="1"/>
            <line number="6977" hits="0"/>
            <line number="6978" hits="1"/>
            <line number="6979" hits="0"/>
            <line number="6980" hits="1"/>
            <line number="6981" hits="0"/>
            <line number="6982" hits="1"/>
            <line number="6983" hits="0"/>
            <line number="6984" hits="1"/>
            <line number="6985" hits="0"/>
            <line number="6986" hits="1"/>
            <line number="6987" hits="0"/>
            <line number="6989" hits="1"/>
            <line number="6990" hits="1"/>
            <line number="6993" hits="1"/>
            <line number="6995" hits="0"/>
            <line number="6997" hits="1"/>
            <line number="6998" hits="0"/>
            <line number="6999" hits="0"/>
            <line number="7000" hits="0"/>
            <line number="7004" hits="1"/>
            <line number="7005" hits="0"/>
            <line number="7008" hits="1"/>
            <line number="7009" hits="0"/>
            <line number="7010" hits="0"/>
            <line number="7014" hits="1"/>
            <line number="7015" hits="0"/>
            <line number="7016" hits="0"/>
            <line number="7017" hits="0"/>
            <line number="7018" hits="0"/>
            <line number="7020" hits="0"/>
            <line number="7025" hits="1"/>
            <line number="7027" hits="1"/>
            <line number="7028" hits="1"/>
            <line number="7031" hits="1"/>
            <line number="7032" hits="1"/>
            <line number="7034" hits="1"/>
            <line number="7036" hits="1"/>
            <line number="7038" hits="1"/>
            <line number="7040" hits="1"/>
            <line number="7044" hits="1"/>
            <line number="7046" hits="1"/>
            <line number="7047" hits="1"/>
            <line number="7049" hits="1"/>
            <line number="7052" hits="1"/>
            <line number="7059" hits="1"/>
            <line number="7061" hits="1"/>
            <line number="7062" hits="1"/>
            <line number="7065" hits="1"/>
            <line number="7066" hits="0"/>
            <line number="7067" hits="0"/>
            <line number="7068" hits="0"/>
            <line number="7069" hits="0"/>
            <line number="7070" hits="0"/>
            <line number="7071" hits="0"/>
            <line number="7072" hits="0"/>
            <line number="7073" hits="0"/>
            <line number="7077" hits="1"/>
            <line number="7079" hits="0"/>
            <line number="7080" hits="0"/>
            <line number="7083" hits="1"/>
            <line number="7084" hits="1"/>
            <line number="7085" hits="1"/>
            <line number="7086" hits="1"/>
            <line number="7087" hits="1"/>
            <line number="7089" hits="1"/>
            <line number="7091" hits="1"/>
            <line number="7093" hits="1"/>
            <line number="7096" hits="1"/>
            <line number="7097" hits="0"/>
            <line number="7099" hits="1"/>
            <line number="7101" hits="1"/>
            <line number="7102" hits="1"/>
            <line number="7103" hits="1"/>
            <line number="7105" hits="0"/>
            <line number="7106" hits="0"/>
            <line number="7107" hits="0"/>
            <line number="7108" hits="0"/>
            <line number="7109" hits="0"/>
            <line number="7112" hits="1"/>
            <line number="7113" hits="1"/>
            <line number="7115" hits="1"/>
            <line number="7117" hits="1"/>
            <line number="7118" hits="0"/>
            <line number="7119" hits="0"/>
            <line number="7120" hits="0"/>
            <line number="7122" hits="0"/>
            <line number="7123" hits="0"/>
            <line number="7124" hits="0"/>
            <line number="7125" hits="0"/>
            <line number="7128" hits="1"/>
            <line number="7129" hits="1"/>
            <line number="7130" hits="1"/>
            <line number="7132" hits="0"/>
            <line number="7133" hits="1"/>
            <line number="7142" hits="1"/>
          </lines>
        </class>
      </classes>
    </package>
  </packages>
</coverage>
